{"D:\\react_projects\\the-movie-db-clone\\src\\App.js": {"path":"D:\\react_projects\\the-movie-db-clone\\src\\App.js","statementMap":{"0":{"start":{"line":28,"column":19},"end":{"line":28,"column":32}},"1":{"start":{"line":30,"column":2},"end":{"line":37,"column":4}},"2":{"start":{"line":31,"column":4},"end":{"line":31,"column":33}},"3":{"start":{"line":33,"column":25},"end":{"line":33,"column":58}},"4":{"start":{"line":34,"column":4},"end":{"line":36,"column":5}},"5":{"start":{"line":35,"column":6},"end":{"line":35,"column":67}},"6":{"start":{"line":40,"column":2},"end":{"line":58,"column":4}}},"fnMap":{"0":{"name":"App","decl":{"start":{"line":27,"column":9},"end":{"line":27,"column":12}},"loc":{"start":{"line":27,"column":15},"end":{"line":59,"column":1}},"line":27},"1":{"name":"(anonymous_1)","decl":{"start":{"line":30,"column":12},"end":{"line":30,"column":13}},"loc":{"start":{"line":30,"column":18},"end":{"line":37,"column":3}},"line":30}},"branchMap":{"0":{"loc":{"start":{"line":34,"column":4},"end":{"line":36,"column":5}},"type":"if","locations":[{"start":{"line":34,"column":4},"end":{"line":36,"column":5}},{"start":{},"end":{}}],"line":34}},"s":{"0":0,"1":0,"2":0,"3":0,"4":0,"5":0,"6":0},"f":{"0":0,"1":0},"b":{"0":[0,0]}}
,"D:\\react_projects\\the-movie-db-clone\\src\\api\\endpoint.js": {"path":"D:\\react_projects\\the-movie-db-clone\\src\\api\\endpoint.js","statementMap":{"0":{"start":{"line":1,"column":17},"end":{"line":1,"column":48}},"1":{"start":{"line":4,"column":20},"end":{"line":6,"column":1}},"2":{"start":{"line":5,"column":4},"end":{"line":5,"column":91}},"3":{"start":{"line":8,"column":35},"end":{"line":16,"column":1}},"4":{"start":{"line":9,"column":19},"end":{"line":9,"column":21}},"5":{"start":{"line":10,"column":4},"end":{"line":14,"column":5}},"6":{"start":{"line":11,"column":8},"end":{"line":11,"column":35}},"7":{"start":{"line":12,"column":11},"end":{"line":14,"column":5}},"8":{"start":{"line":13,"column":8},"end":{"line":13,"column":32}},"9":{"start":{"line":15,"column":4},"end":{"line":15,"column":33}},"10":{"start":{"line":18,"column":36},"end":{"line":26,"column":1}},"11":{"start":{"line":19,"column":19},"end":{"line":19,"column":21}},"12":{"start":{"line":20,"column":4},"end":{"line":24,"column":5}},"13":{"start":{"line":21,"column":8},"end":{"line":21,"column":37}},"14":{"start":{"line":22,"column":11},"end":{"line":24,"column":5}},"15":{"start":{"line":23,"column":8},"end":{"line":23,"column":34}},"16":{"start":{"line":25,"column":4},"end":{"line":25,"column":33}},"17":{"start":{"line":28,"column":36},"end":{"line":36,"column":1}},"18":{"start":{"line":29,"column":19},"end":{"line":29,"column":21}},"19":{"start":{"line":30,"column":4},"end":{"line":34,"column":5}},"20":{"start":{"line":31,"column":8},"end":{"line":31,"column":38}},"21":{"start":{"line":32,"column":11},"end":{"line":34,"column":5}},"22":{"start":{"line":33,"column":8},"end":{"line":33,"column":39}},"23":{"start":{"line":35,"column":4},"end":{"line":35,"column":33}},"24":{"start":{"line":38,"column":36},"end":{"line":41,"column":1}},"25":{"start":{"line":39,"column":4},"end":{"line":39,"column":43}},"26":{"start":{"line":40,"column":4},"end":{"line":40,"column":37}},"27":{"start":{"line":43,"column":36},"end":{"line":46,"column":1}},"28":{"start":{"line":44,"column":19},"end":{"line":44,"column":39}},"29":{"start":{"line":45,"column":4},"end":{"line":45,"column":33}},"30":{"start":{"line":48,"column":38},"end":{"line":51,"column":1}},"31":{"start":{"line":49,"column":19},"end":{"line":49,"column":55}},"32":{"start":{"line":50,"column":4},"end":{"line":50,"column":33}},"33":{"start":{"line":53,"column":32},"end":{"line":56,"column":1}},"34":{"start":{"line":54,"column":19},"end":{"line":54,"column":46}},"35":{"start":{"line":55,"column":4},"end":{"line":55,"column":33}},"36":{"start":{"line":58,"column":28},"end":{"line":61,"column":1}},"37":{"start":{"line":59,"column":19},"end":{"line":59,"column":47}},"38":{"start":{"line":60,"column":4},"end":{"line":60,"column":33}},"39":{"start":{"line":64,"column":34},"end":{"line":70,"column":1}},"40":{"start":{"line":65,"column":4},"end":{"line":65,"column":36}},"41":{"start":{"line":66,"column":19},"end":{"line":66,"column":38}},"42":{"start":{"line":68,"column":3},"end":{"line":68,"column":65}},"43":{"start":{"line":72,"column":35},"end":{"line":74,"column":1}},"44":{"start":{"line":73,"column":4},"end":{"line":73,"column":81}}},"fnMap":{"0":{"name":"(anonymous_0)","decl":{"start":{"line":4,"column":20},"end":{"line":4,"column":21}},"loc":{"start":{"line":4,"column":30},"end":{"line":6,"column":1}},"line":4},"1":{"name":"(anonymous_1)","decl":{"start":{"line":8,"column":35},"end":{"line":8,"column":36}},"loc":{"start":{"line":8,"column":47},"end":{"line":16,"column":1}},"line":8},"2":{"name":"(anonymous_2)","decl":{"start":{"line":18,"column":36},"end":{"line":18,"column":37}},"loc":{"start":{"line":18,"column":48},"end":{"line":26,"column":1}},"line":18},"3":{"name":"(anonymous_3)","decl":{"start":{"line":28,"column":36},"end":{"line":28,"column":37}},"loc":{"start":{"line":28,"column":48},"end":{"line":36,"column":1}},"line":28},"4":{"name":"(anonymous_4)","decl":{"start":{"line":38,"column":36},"end":{"line":38,"column":37}},"loc":{"start":{"line":38,"column":42},"end":{"line":41,"column":1}},"line":38},"5":{"name":"(anonymous_5)","decl":{"start":{"line":43,"column":36},"end":{"line":43,"column":37}},"loc":{"start":{"line":43,"column":55},"end":{"line":46,"column":1}},"line":43},"6":{"name":"(anonymous_6)","decl":{"start":{"line":48,"column":38},"end":{"line":48,"column":39}},"loc":{"start":{"line":48,"column":57},"end":{"line":51,"column":1}},"line":48},"7":{"name":"(anonymous_7)","decl":{"start":{"line":53,"column":32},"end":{"line":53,"column":33}},"loc":{"start":{"line":53,"column":51},"end":{"line":56,"column":1}},"line":53},"8":{"name":"(anonymous_8)","decl":{"start":{"line":58,"column":28},"end":{"line":58,"column":29}},"loc":{"start":{"line":58,"column":46},"end":{"line":61,"column":1}},"line":58},"9":{"name":"(anonymous_9)","decl":{"start":{"line":64,"column":34},"end":{"line":64,"column":35}},"loc":{"start":{"line":64,"column":57},"end":{"line":70,"column":1}},"line":64},"10":{"name":"(anonymous_10)","decl":{"start":{"line":72,"column":35},"end":{"line":72,"column":36}},"loc":{"start":{"line":72,"column":46},"end":{"line":74,"column":1}},"line":72}},"branchMap":{"0":{"loc":{"start":{"line":10,"column":4},"end":{"line":14,"column":5}},"type":"if","locations":[{"start":{"line":10,"column":4},"end":{"line":14,"column":5}},{"start":{"line":12,"column":11},"end":{"line":14,"column":5}}],"line":10},"1":{"loc":{"start":{"line":12,"column":11},"end":{"line":14,"column":5}},"type":"if","locations":[{"start":{"line":12,"column":11},"end":{"line":14,"column":5}},{"start":{},"end":{}}],"line":12},"2":{"loc":{"start":{"line":20,"column":4},"end":{"line":24,"column":5}},"type":"if","locations":[{"start":{"line":20,"column":4},"end":{"line":24,"column":5}},{"start":{"line":22,"column":11},"end":{"line":24,"column":5}}],"line":20},"3":{"loc":{"start":{"line":22,"column":11},"end":{"line":24,"column":5}},"type":"if","locations":[{"start":{"line":22,"column":11},"end":{"line":24,"column":5}},{"start":{},"end":{}}],"line":22},"4":{"loc":{"start":{"line":30,"column":4},"end":{"line":34,"column":5}},"type":"if","locations":[{"start":{"line":30,"column":4},"end":{"line":34,"column":5}},{"start":{"line":32,"column":11},"end":{"line":34,"column":5}}],"line":30},"5":{"loc":{"start":{"line":32,"column":11},"end":{"line":34,"column":5}},"type":"if","locations":[{"start":{"line":32,"column":11},"end":{"line":34,"column":5}},{"start":{},"end":{}}],"line":32}},"s":{"0":1,"1":1,"2":6,"3":1,"4":4,"5":4,"6":2,"7":2,"8":2,"9":4,"10":1,"11":2,"12":2,"13":2,"14":0,"15":0,"16":2,"17":1,"18":0,"19":0,"20":0,"21":0,"22":0,"23":0,"24":1,"25":0,"26":0,"27":1,"28":0,"29":0,"30":1,"31":0,"32":0,"33":1,"34":0,"35":0,"36":1,"37":0,"38":0,"39":1,"40":0,"41":0,"42":0,"43":1,"44":0},"f":{"0":6,"1":4,"2":2,"3":0,"4":0,"5":0,"6":0,"7":0,"8":0,"9":0,"10":0},"b":{"0":[2,2],"1":[2,0],"2":[2,0],"3":[0,0],"4":[0,0],"5":[0,0]},"_coverageSchema":"1a1c01bbd47fc00a2c39e90264f33305004495a9","hash":"d66958d9369bcc60c08abe174ff701e8fb8d3e2e"}
,"D:\\react_projects\\the-movie-db-clone\\src\\component\\cast-card\\CastCard.js": {"path":"D:\\react_projects\\the-movie-db-clone\\src\\component\\cast-card\\CastCard.js","statementMap":{"0":{"start":{"line":12,"column":18},"end":{"line":14,"column":4}},"1":{"start":{"line":13,"column":4},"end":{"line":13,"column":30}},"2":{"start":{"line":17,"column":2},"end":{"line":35,"column":3}}},"fnMap":{"0":{"name":"CastCard","decl":{"start":{"line":8,"column":9},"end":{"line":8,"column":17}},"loc":{"start":{"line":8,"column":25},"end":{"line":36,"column":1}},"line":8},"1":{"name":"(anonymous_1)","decl":{"start":{"line":12,"column":18},"end":{"line":12,"column":19}},"loc":{"start":{"line":12,"column":24},"end":{"line":14,"column":4}},"line":12}},"branchMap":{"0":{"loc":{"start":{"line":23,"column":17},"end":{"line":23,"column":145}},"type":"cond-expr","locations":[{"start":{"line":23,"column":53},"end":{"line":23,"column":127}},{"start":{"line":23,"column":130},"end":{"line":23,"column":145}}],"line":23}},"s":{"0":0,"1":0,"2":0},"f":{"0":0,"1":0},"b":{"0":[0,0]}}
,"D:\\react_projects\\the-movie-db-clone\\src\\component\\movie-details-card\\MovieDetailsCard.js": {"path":"D:\\react_projects\\the-movie-db-clone\\src\\component\\movie-details-card\\MovieDetailsCard.js","statementMap":{"0":{"start":{"line":19,"column":21},"end":{"line":19,"column":41}},"1":{"start":{"line":21,"column":4},"end":{"line":95,"column":5}},"2":{"start":{"line":100,"column":25},"end":{"line":108,"column":1}},"3":{"start":{"line":101,"column":4},"end":{"line":107,"column":5}},"4":{"start":{"line":102,"column":8},"end":{"line":102,"column":42}},"5":{"start":{"line":103,"column":11},"end":{"line":107,"column":5}},"6":{"start":{"line":104,"column":8},"end":{"line":104,"column":35}},"7":{"start":{"line":106,"column":8},"end":{"line":106,"column":31}},"8":{"start":{"line":110,"column":26},"end":{"line":123,"column":1}},"9":{"start":{"line":113,"column":4},"end":{"line":122,"column":5}},"10":{"start":{"line":114,"column":8},"end":{"line":114,"column":42}},"11":{"start":{"line":115,"column":11},"end":{"line":122,"column":5}},"12":{"start":{"line":116,"column":8},"end":{"line":116,"column":46}},"13":{"start":{"line":117,"column":11},"end":{"line":122,"column":5}},"14":{"start":{"line":118,"column":8},"end":{"line":118,"column":41}},"15":{"start":{"line":121,"column":8},"end":{"line":121,"column":18}},"16":{"start":{"line":125,"column":23},"end":{"line":132,"column":1}},"17":{"start":{"line":126,"column":4},"end":{"line":131,"column":5}},"18":{"start":{"line":135,"column":21},"end":{"line":148,"column":1}},"19":{"start":{"line":136,"column":4},"end":{"line":147,"column":5}},"20":{"start":{"line":150,"column":19},"end":{"line":202,"column":1}},"21":{"start":{"line":151,"column":4},"end":{"line":201,"column":5}},"22":{"start":{"line":205,"column":19},"end":{"line":243,"column":1}},"23":{"start":{"line":206,"column":4},"end":{"line":242,"column":5}},"24":{"start":{"line":246,"column":4},"end":{"line":246,"column":53}},"25":{"start":{"line":246,"column":31},"end":{"line":246,"column":39}},"26":{"start":{"line":251,"column":18},"end":{"line":251,"column":30}},"27":{"start":{"line":252,"column":16},"end":{"line":252,"column":40}},"28":{"start":{"line":253,"column":4},"end":{"line":253,"column":35}}},"fnMap":{"0":{"name":"MovieDetailsCard","decl":{"start":{"line":16,"column":9},"end":{"line":16,"column":25}},"loc":{"start":{"line":16,"column":33},"end":{"line":97,"column":1}},"line":16},"1":{"name":"(anonymous_1)","decl":{"start":{"line":100,"column":25},"end":{"line":100,"column":26}},"loc":{"start":{"line":100,"column":39},"end":{"line":108,"column":1}},"line":100},"2":{"name":"(anonymous_2)","decl":{"start":{"line":110,"column":26},"end":{"line":110,"column":27}},"loc":{"start":{"line":110,"column":40},"end":{"line":123,"column":1}},"line":110},"3":{"name":"(anonymous_3)","decl":{"start":{"line":125,"column":23},"end":{"line":125,"column":24}},"loc":{"start":{"line":125,"column":34},"end":{"line":132,"column":1}},"line":125},"4":{"name":"(anonymous_4)","decl":{"start":{"line":135,"column":21},"end":{"line":135,"column":22}},"loc":{"start":{"line":135,"column":32},"end":{"line":148,"column":1}},"line":135},"5":{"name":"(anonymous_5)","decl":{"start":{"line":150,"column":19},"end":{"line":150,"column":20}},"loc":{"start":{"line":150,"column":30},"end":{"line":202,"column":1}},"line":150},"6":{"name":"(anonymous_6)","decl":{"start":{"line":205,"column":19},"end":{"line":205,"column":20}},"loc":{"start":{"line":205,"column":30},"end":{"line":243,"column":1}},"line":205},"7":{"name":"getGenres","decl":{"start":{"line":245,"column":9},"end":{"line":245,"column":18}},"loc":{"start":{"line":245,"column":27},"end":{"line":247,"column":1}},"line":245},"8":{"name":"(anonymous_8)","decl":{"start":{"line":246,"column":22},"end":{"line":246,"column":23}},"loc":{"start":{"line":246,"column":31},"end":{"line":246,"column":39}},"line":246},"9":{"name":"calcuateRunTime","decl":{"start":{"line":250,"column":9},"end":{"line":250,"column":24}},"loc":{"start":{"line":250,"column":34},"end":{"line":254,"column":1}},"line":250}},"branchMap":{"0":{"loc":{"start":{"line":39,"column":32},"end":{"line":39,"column":163}},"type":"cond-expr","locations":[{"start":{"line":39,"column":65},"end":{"line":39,"column":143}},{"start":{"line":39,"column":146},"end":{"line":39,"column":163}}],"line":39},"1":{"loc":{"start":{"line":41,"column":21},"end":{"line":64,"column":26}},"type":"binary-expr","locations":[{"start":{"line":41,"column":22},"end":{"line":41,"column":38}},{"start":{"line":41,"column":43},"end":{"line":64,"column":26}}],"line":41},"2":{"loc":{"start":{"line":101,"column":4},"end":{"line":107,"column":5}},"type":"if","locations":[{"start":{"line":101,"column":4},"end":{"line":107,"column":5}},{"start":{"line":103,"column":11},"end":{"line":107,"column":5}}],"line":101},"3":{"loc":{"start":{"line":101,"column":8},"end":{"line":101,"column":53}},"type":"binary-expr","locations":[{"start":{"line":101,"column":8},"end":{"line":101,"column":29}},{"start":{"line":101,"column":33},"end":{"line":101,"column":53}}],"line":101},"4":{"loc":{"start":{"line":103,"column":11},"end":{"line":107,"column":5}},"type":"if","locations":[{"start":{"line":103,"column":11},"end":{"line":107,"column":5}},{"start":{"line":105,"column":11},"end":{"line":107,"column":5}}],"line":103},"5":{"loc":{"start":{"line":113,"column":4},"end":{"line":122,"column":5}},"type":"if","locations":[{"start":{"line":113,"column":4},"end":{"line":122,"column":5}},{"start":{"line":115,"column":11},"end":{"line":122,"column":5}}],"line":113},"6":{"loc":{"start":{"line":115,"column":11},"end":{"line":122,"column":5}},"type":"if","locations":[{"start":{"line":115,"column":11},"end":{"line":122,"column":5}},{"start":{"line":117,"column":11},"end":{"line":122,"column":5}}],"line":115},"7":{"loc":{"start":{"line":117,"column":11},"end":{"line":122,"column":5}},"type":"if","locations":[{"start":{"line":117,"column":11},"end":{"line":122,"column":5}},{"start":{"line":120,"column":9},"end":{"line":122,"column":5}}],"line":117},"8":{"loc":{"start":{"line":209,"column":45},"end":{"line":209,"column":106}},"type":"cond-expr","locations":[{"start":{"line":209,"column":72},"end":{"line":209,"column":88}},{"start":{"line":209,"column":91},"end":{"line":209,"column":106}}],"line":209},"9":{"loc":{"start":{"line":220,"column":24},"end":{"line":223,"column":29}},"type":"binary-expr","locations":[{"start":{"line":220,"column":25},"end":{"line":220,"column":56}},{"start":{"line":220,"column":61},"end":{"line":223,"column":29}}],"line":220},"10":{"loc":{"start":{"line":221,"column":58},"end":{"line":221,"column":158}},"type":"cond-expr","locations":[{"start":{"line":221,"column":104},"end":{"line":221,"column":153}},{"start":{"line":221,"column":156},"end":{"line":221,"column":158}}],"line":221},"11":{"loc":{"start":{"line":233,"column":24},"end":{"line":236,"column":29}},"type":"binary-expr","locations":[{"start":{"line":233,"column":25},"end":{"line":233,"column":51}},{"start":{"line":233,"column":56},"end":{"line":236,"column":29}}],"line":233}},"s":{"0":0,"1":0,"2":0,"3":0,"4":0,"5":0,"6":0,"7":0,"8":0,"9":0,"10":0,"11":0,"12":0,"13":0,"14":0,"15":0,"16":0,"17":0,"18":0,"19":0,"20":0,"21":0,"22":0,"23":0,"24":0,"25":0,"26":0,"27":0,"28":0},"f":{"0":0,"1":0,"2":0,"3":0,"4":0,"5":0,"6":0,"7":0,"8":0,"9":0},"b":{"0":[0,0],"1":[0,0],"2":[0,0],"3":[0,0],"4":[0,0],"5":[0,0],"6":[0,0],"7":[0,0],"8":[0,0],"9":[0,0],"10":[0,0],"11":[0,0]}}
,"D:\\react_projects\\the-movie-db-clone\\src\\component\\movie_card\\MovieCard.js": {"path":"D:\\react_projects\\the-movie-db-clone\\src\\component\\movie_card\\MovieCard.js","statementMap":{"0":{"start":{"line":12,"column":18},"end":{"line":14,"column":4}},"1":{"start":{"line":13,"column":4},"end":{"line":13,"column":30}},"2":{"start":{"line":17,"column":2},"end":{"line":40,"column":3}}},"fnMap":{"0":{"name":"MovieCard","decl":{"start":{"line":8,"column":9},"end":{"line":8,"column":18}},"loc":{"start":{"line":8,"column":26},"end":{"line":41,"column":1}},"line":8},"1":{"name":"(anonymous_1)","decl":{"start":{"line":12,"column":18},"end":{"line":12,"column":19}},"loc":{"start":{"line":12,"column":24},"end":{"line":14,"column":4}},"line":12}},"branchMap":{},"s":{"0":0,"1":0,"2":0},"f":{"0":0,"1":0},"b":{}}
,"D:\\react_projects\\the-movie-db-clone\\src\\component\\movie_card\\MovieCardListView.js": {"path":"D:\\react_projects\\the-movie-db-clone\\src\\component\\movie_card\\MovieCardListView.js","statementMap":{"0":{"start":{"line":12,"column":18},"end":{"line":14,"column":3}},"1":{"start":{"line":13,"column":4},"end":{"line":13,"column":33}},"2":{"start":{"line":17,"column":2},"end":{"line":40,"column":3}}},"fnMap":{"0":{"name":"MovieCardListView","decl":{"start":{"line":8,"column":9},"end":{"line":8,"column":26}},"loc":{"start":{"line":8,"column":34},"end":{"line":41,"column":1}},"line":8},"1":{"name":"(anonymous_1)","decl":{"start":{"line":12,"column":18},"end":{"line":12,"column":19}},"loc":{"start":{"line":12,"column":24},"end":{"line":14,"column":3}},"line":12}},"branchMap":{"0":{"loc":{"start":{"line":36,"column":30},"end":{"line":36,"column":91}},"type":"cond-expr","locations":[{"start":{"line":36,"column":57},"end":{"line":36,"column":73}},{"start":{"line":36,"column":76},"end":{"line":36,"column":91}}],"line":36}},"s":{"0":0,"1":0,"2":0},"f":{"0":0,"1":0},"b":{"0":[0,0]}}
,"D:\\react_projects\\the-movie-db-clone\\src\\component\\search-poster\\SearchPoster.js": {"path":"D:\\react_projects\\the-movie-db-clone\\src\\component\\search-poster\\SearchPoster.js","statementMap":{"0":{"start":{"line":7,"column":29},"end":{"line":7,"column":39}},"1":{"start":{"line":8,"column":19},"end":{"line":8,"column":32}},"2":{"start":{"line":10,"column":26},"end":{"line":12,"column":5}},"3":{"start":{"line":11,"column":0},"end":{"line":11,"column":25}},"4":{"start":{"line":14,"column":26},"end":{"line":18,"column":5}},"5":{"start":{"line":15,"column":8},"end":{"line":17,"column":9}},"6":{"start":{"line":16,"column":12},"end":{"line":16,"column":46}},"7":{"start":{"line":21,"column":4},"end":{"line":32,"column":5}}},"fnMap":{"0":{"name":"SearchPoster","decl":{"start":{"line":6,"column":9},"end":{"line":6,"column":21}},"loc":{"start":{"line":6,"column":24},"end":{"line":33,"column":1}},"line":6},"1":{"name":"(anonymous_1)","decl":{"start":{"line":10,"column":26},"end":{"line":10,"column":27}},"loc":{"start":{"line":10,"column":33},"end":{"line":12,"column":5}},"line":10},"2":{"name":"(anonymous_2)","decl":{"start":{"line":14,"column":26},"end":{"line":14,"column":27}},"loc":{"start":{"line":14,"column":31},"end":{"line":18,"column":5}},"line":14}},"branchMap":{"0":{"loc":{"start":{"line":15,"column":8},"end":{"line":17,"column":9}},"type":"if","locations":[{"start":{"line":15,"column":8},"end":{"line":17,"column":9}},{"start":{},"end":{}}],"line":15},"1":{"loc":{"start":{"line":15,"column":11},"end":{"line":15,"column":44}},"type":"binary-expr","locations":[{"start":{"line":15,"column":11},"end":{"line":15,"column":24}},{"start":{"line":15,"column":28},"end":{"line":15,"column":44}}],"line":15}},"s":{"0":0,"1":0,"2":0,"3":0,"4":0,"5":0,"6":0,"7":0},"f":{"0":0,"1":0,"2":0},"b":{"0":[0,0],"1":[0,0]}}
,"D:\\react_projects\\the-movie-db-clone\\src\\redux\\action\\details-action.js": {"path":"D:\\react_projects\\the-movie-db-clone\\src\\redux\\action\\details-action.js","statementMap":{"0":{"start":{"line":3,"column":30},"end":{"line":7,"column":1}},"1":{"start":{"line":9,"column":28},"end":{"line":16,"column":1}},"2":{"start":{"line":19,"column":4},"end":{"line":19,"column":31}},"3":{"start":{"line":20,"column":4},"end":{"line":52,"column":5}},"4":{"start":{"line":21,"column":8},"end":{"line":21,"column":44}},"5":{"start":{"line":22,"column":8},"end":{"line":28,"column":10}},"6":{"start":{"line":29,"column":25},"end":{"line":31,"column":10}},"7":{"start":{"line":30,"column":12},"end":{"line":30,"column":31}},"8":{"start":{"line":33,"column":33},"end":{"line":35,"column":10}},"9":{"start":{"line":34,"column":12},"end":{"line":34,"column":31}},"10":{"start":{"line":37,"column":19},"end":{"line":37,"column":32}},"11":{"start":{"line":38,"column":8},"end":{"line":43,"column":9}},"12":{"start":{"line":39,"column":12},"end":{"line":39,"column":62}},"13":{"start":{"line":42,"column":12},"end":{"line":42,"column":62}},"14":{"start":{"line":45,"column":8},"end":{"line":51,"column":10}},"15":{"start":{"line":56,"column":4},"end":{"line":56,"column":31}},"16":{"start":{"line":57,"column":4},"end":{"line":75,"column":5}},"17":{"start":{"line":58,"column":8},"end":{"line":58,"column":44}},"18":{"start":{"line":60,"column":25},"end":{"line":62,"column":10}},"19":{"start":{"line":61,"column":12},"end":{"line":61,"column":31}},"20":{"start":{"line":64,"column":25},"end":{"line":67,"column":10}},"21":{"start":{"line":65,"column":12},"end":{"line":65,"column":72}},"22":{"start":{"line":69,"column":8},"end":{"line":74,"column":10}},"23":{"start":{"line":79,"column":4},"end":{"line":79,"column":31}},"24":{"start":{"line":80,"column":4},"end":{"line":96,"column":5}},"25":{"start":{"line":81,"column":8},"end":{"line":81,"column":44}},"26":{"start":{"line":83,"column":25},"end":{"line":85,"column":10}},"27":{"start":{"line":84,"column":12},"end":{"line":84,"column":31}},"28":{"start":{"line":88,"column":8},"end":{"line":95,"column":10}}},"fnMap":{"0":{"name":"fetchMediaDetails","decl":{"start":{"line":18,"column":16},"end":{"line":18,"column":33}},"loc":{"start":{"line":18,"column":44},"end":{"line":53,"column":1}},"line":18},"1":{"name":"fetchMediaDetailsFromServer","decl":{"start":{"line":20,"column":26},"end":{"line":20,"column":53}},"loc":{"start":{"line":20,"column":74},"end":{"line":52,"column":5}},"line":20},"2":{"name":"(anonymous_2)","decl":{"start":{"line":29,"column":84},"end":{"line":29,"column":85}},"loc":{"start":{"line":29,"column":95},"end":{"line":31,"column":9}},"line":29},"3":{"name":"(anonymous_3)","decl":{"start":{"line":33,"column":94},"end":{"line":33,"column":95}},"loc":{"start":{"line":33,"column":105},"end":{"line":35,"column":9}},"line":33},"4":{"name":"fetchTrailers","decl":{"start":{"line":55,"column":16},"end":{"line":55,"column":29}},"loc":{"start":{"line":55,"column":40},"end":{"line":76,"column":1}},"line":55},"5":{"name":"fetchTrailersFromServer","decl":{"start":{"line":57,"column":26},"end":{"line":57,"column":49}},"loc":{"start":{"line":57,"column":70},"end":{"line":75,"column":5}},"line":57},"6":{"name":"(anonymous_6)","decl":{"start":{"line":60,"column":80},"end":{"line":60,"column":81}},"loc":{"start":{"line":60,"column":91},"end":{"line":62,"column":9}},"line":60},"7":{"name":"(anonymous_7)","decl":{"start":{"line":64,"column":54},"end":{"line":64,"column":55}},"loc":{"start":{"line":64,"column":63},"end":{"line":67,"column":9}},"line":64},"8":{"name":"fetchCast","decl":{"start":{"line":78,"column":16},"end":{"line":78,"column":25}},"loc":{"start":{"line":78,"column":36},"end":{"line":97,"column":1}},"line":78},"9":{"name":"fetchCastFromServer","decl":{"start":{"line":80,"column":26},"end":{"line":80,"column":45}},"loc":{"start":{"line":80,"column":66},"end":{"line":96,"column":5}},"line":80},"10":{"name":"(anonymous_10)","decl":{"start":{"line":83,"column":76},"end":{"line":83,"column":77}},"loc":{"start":{"line":83,"column":87},"end":{"line":85,"column":9}},"line":83}},"branchMap":{"0":{"loc":{"start":{"line":38,"column":8},"end":{"line":43,"column":9}},"type":"if","locations":[{"start":{"line":38,"column":8},"end":{"line":43,"column":9}},{"start":{"line":41,"column":15},"end":{"line":43,"column":9}}],"line":38},"1":{"loc":{"start":{"line":65,"column":19},"end":{"line":65,"column":71}},"type":"binary-expr","locations":[{"start":{"line":65,"column":19},"end":{"line":65,"column":43}},{"start":{"line":65,"column":47},"end":{"line":65,"column":71}}],"line":65}},"s":{"0":0,"1":0,"2":0,"3":0,"4":0,"5":0,"6":0,"7":0,"8":0,"9":0,"10":0,"11":0,"12":0,"13":0,"14":0,"15":0,"16":0,"17":0,"18":0,"19":0,"20":0,"21":0,"22":0,"23":0,"24":0,"25":0,"26":0,"27":0,"28":0},"f":{"0":0,"1":0,"2":0,"3":0,"4":0,"5":0,"6":0,"7":0,"8":0,"9":0,"10":0},"b":{"0":[0,0],"1":[0,0]}}
,"D:\\react_projects\\the-movie-db-clone\\src\\redux\\reducer\\details-reducer.js": {"path":"D:\\react_projects\\the-movie-db-clone\\src\\redux\\reducer\\details-reducer.js","statementMap":{"0":{"start":{"line":3,"column":23},"end":{"line":25,"column":1}},"1":{"start":{"line":4,"column":4},"end":{"line":24,"column":5}},"2":{"start":{"line":6,"column":12},"end":{"line":9,"column":13}},"3":{"start":{"line":11,"column":12},"end":{"line":14,"column":13}},"4":{"start":{"line":16,"column":12},"end":{"line":21,"column":13}},"5":{"start":{"line":23,"column":12},"end":{"line":23,"column":25}}},"fnMap":{"0":{"name":"(anonymous_0)","decl":{"start":{"line":3,"column":23},"end":{"line":3,"column":24}},"loc":{"start":{"line":3,"column":57},"end":{"line":25,"column":1}},"line":3}},"branchMap":{"0":{"loc":{"start":{"line":3,"column":24},"end":{"line":3,"column":44}},"type":"default-arg","locations":[{"start":{"line":3,"column":32},"end":{"line":3,"column":44}}],"line":3},"1":{"loc":{"start":{"line":4,"column":4},"end":{"line":24,"column":5}},"type":"switch","locations":[{"start":{"line":5,"column":8},"end":{"line":9,"column":13}},{"start":{"line":10,"column":8},"end":{"line":14,"column":13}},{"start":{"line":15,"column":8},"end":{"line":21,"column":13}},{"start":{"line":22,"column":8},"end":{"line":23,"column":25}}],"line":4}},"s":{"0":0,"1":0,"2":0,"3":0,"4":0,"5":0},"f":{"0":0},"b":{"0":[0],"1":[0,0,0,0]}}
,"D:\\react_projects\\the-movie-db-clone\\src\\services\\media-detail-service.js": {"path":"D:\\react_projects\\the-movie-db-clone\\src\\services\\media-detail-service.js","statementMap":{"0":{"start":{"line":6,"column":8},"end":{"line":6,"column":57}},"1":{"start":{"line":10,"column":8},"end":{"line":10,"column":59}},"2":{"start":{"line":14,"column":8},"end":{"line":14,"column":53}},"3":{"start":{"line":19,"column":8},"end":{"line":19,"column":49}}},"fnMap":{"0":{"name":"(anonymous_0)","decl":{"start":{"line":5,"column":4},"end":{"line":5,"column":5}},"loc":{"start":{"line":5,"column":32},"end":{"line":7,"column":5}},"line":5},"1":{"name":"(anonymous_1)","decl":{"start":{"line":9,"column":4},"end":{"line":9,"column":5}},"loc":{"start":{"line":9,"column":34},"end":{"line":11,"column":5}},"line":9},"2":{"name":"(anonymous_2)","decl":{"start":{"line":13,"column":4},"end":{"line":13,"column":5}},"loc":{"start":{"line":13,"column":28},"end":{"line":15,"column":5}},"line":13},"3":{"name":"(anonymous_3)","decl":{"start":{"line":18,"column":4},"end":{"line":18,"column":5}},"loc":{"start":{"line":18,"column":24},"end":{"line":20,"column":5}},"line":18}},"branchMap":{},"s":{"0":0,"1":0,"2":0,"3":0},"f":{"0":0,"1":0,"2":0,"3":0},"b":{}}
,"D:\\react_projects\\the-movie-db-clone\\src\\view\\dicussion\\Dicussion.js": {"path":"D:\\react_projects\\the-movie-db-clone\\src\\view\\dicussion\\Dicussion.js","statementMap":{"0":{"start":{"line":18,"column":13},"end":{"line":36,"column":1}},"1":{"start":{"line":39,"column":34},"end":{"line":39,"column":44}},"2":{"start":{"line":41,"column":32},"end":{"line":41,"column":49}},"3":{"start":{"line":43,"column":22},"end":{"line":43,"column":56}},"4":{"start":{"line":43,"column":45},"end":{"line":43,"column":55}},"5":{"start":{"line":44,"column":27},"end":{"line":44,"column":66}},"6":{"start":{"line":44,"column":50},"end":{"line":44,"column":65}},"7":{"start":{"line":45,"column":21},"end":{"line":45,"column":34}},"8":{"start":{"line":46,"column":4},"end":{"line":48,"column":6}},"9":{"start":{"line":47,"column":8},"end":{"line":47,"column":36}},"10":{"start":{"line":50,"column":26},"end":{"line":52,"column":5}},"11":{"start":{"line":51,"column":8},"end":{"line":51,"column":27}},"12":{"start":{"line":53,"column":23},"end":{"line":55,"column":5}},"13":{"start":{"line":54,"column":8},"end":{"line":54,"column":24}},"14":{"start":{"line":58,"column":4},"end":{"line":117,"column":5}},"15":{"start":{"line":96,"column":32},"end":{"line":98,"column":49}},"16":{"start":{"line":101,"column":32},"end":{"line":103,"column":49}}},"fnMap":{"0":{"name":"Dicussion","decl":{"start":{"line":38,"column":9},"end":{"line":38,"column":18}},"loc":{"start":{"line":38,"column":26},"end":{"line":118,"column":1}},"line":38},"1":{"name":"(anonymous_1)","decl":{"start":{"line":43,"column":34},"end":{"line":43,"column":35}},"loc":{"start":{"line":43,"column":45},"end":{"line":43,"column":55}},"line":43},"2":{"name":"(anonymous_2)","decl":{"start":{"line":44,"column":39},"end":{"line":44,"column":40}},"loc":{"start":{"line":44,"column":50},"end":{"line":44,"column":65}},"line":44},"3":{"name":"(anonymous_3)","decl":{"start":{"line":46,"column":14},"end":{"line":46,"column":15}},"loc":{"start":{"line":46,"column":20},"end":{"line":48,"column":5}},"line":46},"4":{"name":"(anonymous_4)","decl":{"start":{"line":50,"column":26},"end":{"line":50,"column":27}},"loc":{"start":{"line":50,"column":32},"end":{"line":52,"column":5}},"line":50},"5":{"name":"(anonymous_5)","decl":{"start":{"line":53,"column":23},"end":{"line":53,"column":24}},"loc":{"start":{"line":53,"column":29},"end":{"line":55,"column":5}},"line":53},"6":{"name":"(anonymous_6)","decl":{"start":{"line":95,"column":103},"end":{"line":95,"column":104}},"loc":{"start":{"line":96,"column":32},"end":{"line":98,"column":49}},"line":96},"7":{"name":"(anonymous_7)","decl":{"start":{"line":100,"column":60},"end":{"line":100,"column":61}},"loc":{"start":{"line":101,"column":32},"end":{"line":103,"column":49}},"line":101}},"branchMap":{"0":{"loc":{"start":{"line":71,"column":68},"end":{"line":71,"column":111}},"type":"cond-expr","locations":[{"start":{"line":71,"column":89},"end":{"line":71,"column":106}},{"start":{"line":71,"column":109},"end":{"line":71,"column":111}}],"line":71},"1":{"loc":{"start":{"line":79,"column":68},"end":{"line":79,"column":108}},"type":"cond-expr","locations":[{"start":{"line":79,"column":86},"end":{"line":79,"column":103}},{"start":{"line":79,"column":106},"end":{"line":79,"column":108}}],"line":79},"2":{"loc":{"start":{"line":95,"column":28},"end":{"line":104,"column":29}},"type":"cond-expr","locations":[{"start":{"line":95,"column":48},"end":{"line":100,"column":32}},{"start":{"line":100,"column":35},"end":{"line":104,"column":29}}],"line":95},"3":{"loc":{"start":{"line":95,"column":48},"end":{"line":100,"column":32}},"type":"cond-expr","locations":[{"start":{"line":95,"column":81},"end":{"line":98,"column":50}},{"start":{"line":98,"column":53},"end":{"line":100,"column":32}}],"line":95}},"s":{"0":0,"1":0,"2":0,"3":0,"4":0,"5":0,"6":0,"7":0,"8":0,"9":0,"10":0,"11":0,"12":0,"13":0,"14":0,"15":0,"16":0},"f":{"0":0,"1":0,"2":0,"3":0,"4":0,"5":0,"6":0,"7":0},"b":{"0":[0,0],"1":[0,0],"2":[0,0],"3":[0,0]}}
,"D:\\react_projects\\the-movie-db-clone\\src\\view\\dicussion\\DicussionCard.js": {"path":"D:\\react_projects\\the-movie-db-clone\\src\\view\\dicussion\\DicussionCard.js","statementMap":{"0":{"start":{"line":12,"column":33},"end":{"line":12,"column":43}},"1":{"start":{"line":14,"column":22},"end":{"line":14,"column":56}},"2":{"start":{"line":14,"column":45},"end":{"line":14,"column":55}},"3":{"start":{"line":15,"column":27},"end":{"line":15,"column":66}},"4":{"start":{"line":15,"column":50},"end":{"line":15,"column":65}},"5":{"start":{"line":16,"column":21},"end":{"line":16,"column":34}},"6":{"start":{"line":18,"column":24},"end":{"line":30,"column":5}},"7":{"start":{"line":19,"column":0},"end":{"line":28,"column":1}},"8":{"start":{"line":21,"column":4},"end":{"line":25,"column":8}},"9":{"start":{"line":27,"column":4},"end":{"line":27,"column":19}},"10":{"start":{"line":32,"column":28},"end":{"line":34,"column":5}},"11":{"start":{"line":33,"column":8},"end":{"line":33,"column":35}},"12":{"start":{"line":38,"column":4},"end":{"line":68,"column":6}},"13":{"start":{"line":44,"column":16},"end":{"line":44,"column":33}},"14":{"start":{"line":55,"column":28},"end":{"line":55,"column":56}},"15":{"start":{"line":72,"column":4},"end":{"line":92,"column":5}},"16":{"start":{"line":96,"column":4},"end":{"line":108,"column":5}}},"fnMap":{"0":{"name":"DicussionCard","decl":{"start":{"line":10,"column":9},"end":{"line":10,"column":22}},"loc":{"start":{"line":10,"column":30},"end":{"line":69,"column":1}},"line":10},"1":{"name":"(anonymous_1)","decl":{"start":{"line":14,"column":34},"end":{"line":14,"column":35}},"loc":{"start":{"line":14,"column":45},"end":{"line":14,"column":55}},"line":14},"2":{"name":"(anonymous_2)","decl":{"start":{"line":15,"column":39},"end":{"line":15,"column":40}},"loc":{"start":{"line":15,"column":50},"end":{"line":15,"column":65}},"line":15},"3":{"name":"(anonymous_3)","decl":{"start":{"line":18,"column":24},"end":{"line":18,"column":25}},"loc":{"start":{"line":18,"column":34},"end":{"line":30,"column":5}},"line":18},"4":{"name":"(anonymous_4)","decl":{"start":{"line":32,"column":28},"end":{"line":32,"column":29}},"loc":{"start":{"line":32,"column":34},"end":{"line":34,"column":5}},"line":32},"5":{"name":"(anonymous_5)","decl":{"start":{"line":43,"column":71},"end":{"line":43,"column":72}},"loc":{"start":{"line":44,"column":16},"end":{"line":44,"column":33}},"line":44},"6":{"name":"(anonymous_6)","decl":{"start":{"line":54,"column":87},"end":{"line":54,"column":88}},"loc":{"start":{"line":54,"column":92},"end":{"line":56,"column":25}},"line":54},"7":{"name":"chatView","decl":{"start":{"line":71,"column":9},"end":{"line":71,"column":17}},"loc":{"start":{"line":71,"column":25},"end":{"line":93,"column":1}},"line":71},"8":{"name":"replayView","decl":{"start":{"line":95,"column":9},"end":{"line":95,"column":19}},"loc":{"start":{"line":95,"column":27},"end":{"line":109,"column":1}},"line":95}},"branchMap":{"0":{"loc":{"start":{"line":19,"column":0},"end":{"line":28,"column":1}},"type":"if","locations":[{"start":{"line":19,"column":0},"end":{"line":28,"column":1}},{"start":{},"end":{}}],"line":19},"1":{"loc":{"start":{"line":43,"column":16},"end":{"line":45,"column":13}},"type":"binary-expr","locations":[{"start":{"line":43,"column":17},"end":{"line":43,"column":43}},{"start":{"line":43,"column":48},"end":{"line":45,"column":13}}],"line":43},"2":{"loc":{"start":{"line":51,"column":16},"end":{"line":64,"column":26}},"type":"cond-expr","locations":[{"start":{"line":51,"column":47},"end":{"line":58,"column":22}},{"start":{"line":59,"column":20},"end":{"line":64,"column":26}}],"line":51},"3":{"loc":{"start":{"line":83,"column":33},"end":{"line":83,"column":181}},"type":"cond-expr","locations":[{"start":{"line":83,"column":58},"end":{"line":83,"column":70}},{"start":{"line":83,"column":73},"end":{"line":83,"column":181}}],"line":83}},"s":{"0":0,"1":0,"2":0,"3":0,"4":0,"5":0,"6":0,"7":0,"8":0,"9":0,"10":0,"11":0,"12":0,"13":0,"14":0,"15":0,"16":0},"f":{"0":0,"1":0,"2":0,"3":0,"4":0,"5":0,"6":0,"7":0,"8":0},"b":{"0":[0,0],"1":[0,0],"2":[0,0],"3":[0,0]}}
,"D:\\react_projects\\the-movie-db-clone\\src\\view\\home\\Home.js": {"path":"D:\\react_projects\\the-movie-db-clone\\src\\view\\home\\Home.js","statementMap":{"0":{"start":{"line":12,"column":19},"end":{"line":12,"column":32}},"1":{"start":{"line":14,"column":25},"end":{"line":14,"column":67}},"2":{"start":{"line":14,"column":48},"end":{"line":14,"column":66}},"3":{"start":{"line":15,"column":26},"end":{"line":15,"column":69}},"4":{"start":{"line":15,"column":49},"end":{"line":15,"column":68}},"5":{"start":{"line":16,"column":26},"end":{"line":16,"column":69}},"6":{"start":{"line":16,"column":49},"end":{"line":16,"column":68}},"7":{"start":{"line":18,"column":21},"end":{"line":18,"column":34}},"8":{"start":{"line":20,"column":4},"end":{"line":24,"column":11}},"9":{"start":{"line":21,"column":8},"end":{"line":21,"column":56}},"10":{"start":{"line":22,"column":8},"end":{"line":22,"column":58}},"11":{"start":{"line":23,"column":8},"end":{"line":23,"column":58}},"12":{"start":{"line":26,"column":29},"end":{"line":28,"column":5}},"13":{"start":{"line":27,"column":8},"end":{"line":27,"column":45}},"14":{"start":{"line":30,"column":35},"end":{"line":32,"column":5}},"15":{"start":{"line":31,"column":8},"end":{"line":31,"column":46}},"16":{"start":{"line":34,"column":35},"end":{"line":36,"column":5}},"17":{"start":{"line":35,"column":8},"end":{"line":35,"column":47}},"18":{"start":{"line":38,"column":35},"end":{"line":40,"column":5}},"19":{"start":{"line":39,"column":8},"end":{"line":39,"column":47}},"20":{"start":{"line":42,"column":32},"end":{"line":44,"column":5}},"21":{"start":{"line":43,"column":8},"end":{"line":43,"column":53}},"22":{"start":{"line":47,"column":4},"end":{"line":77,"column":5}}},"fnMap":{"0":{"name":"Home","decl":{"start":{"line":11,"column":9},"end":{"line":11,"column":13}},"loc":{"start":{"line":11,"column":16},"end":{"line":78,"column":1}},"line":11},"1":{"name":"(anonymous_1)","decl":{"start":{"line":14,"column":37},"end":{"line":14,"column":38}},"loc":{"start":{"line":14,"column":48},"end":{"line":14,"column":66}},"line":14},"2":{"name":"(anonymous_2)","decl":{"start":{"line":15,"column":38},"end":{"line":15,"column":39}},"loc":{"start":{"line":15,"column":49},"end":{"line":15,"column":68}},"line":15},"3":{"name":"(anonymous_3)","decl":{"start":{"line":16,"column":38},"end":{"line":16,"column":39}},"loc":{"start":{"line":16,"column":49},"end":{"line":16,"column":68}},"line":16},"4":{"name":"(anonymous_4)","decl":{"start":{"line":20,"column":14},"end":{"line":20,"column":15}},"loc":{"start":{"line":20,"column":20},"end":{"line":24,"column":5}},"line":20},"5":{"name":"(anonymous_5)","decl":{"start":{"line":26,"column":29},"end":{"line":26,"column":30}},"loc":{"start":{"line":26,"column":42},"end":{"line":28,"column":5}},"line":26},"6":{"name":"(anonymous_6)","decl":{"start":{"line":30,"column":35},"end":{"line":30,"column":36}},"loc":{"start":{"line":30,"column":47},"end":{"line":32,"column":5}},"line":30},"7":{"name":"(anonymous_7)","decl":{"start":{"line":34,"column":35},"end":{"line":34,"column":36}},"loc":{"start":{"line":34,"column":47},"end":{"line":36,"column":5}},"line":34},"8":{"name":"(anonymous_8)","decl":{"start":{"line":38,"column":35},"end":{"line":38,"column":36}},"loc":{"start":{"line":38,"column":47},"end":{"line":40,"column":5}},"line":38},"9":{"name":"(anonymous_9)","decl":{"start":{"line":42,"column":32},"end":{"line":42,"column":33}},"loc":{"start":{"line":42,"column":45},"end":{"line":44,"column":5}},"line":42}},"branchMap":{},"s":{"0":0,"1":0,"2":0,"3":0,"4":0,"5":0,"6":0,"7":0,"8":0,"9":0,"10":0,"11":0,"12":0,"13":0,"14":0,"15":0,"16":0,"17":0,"18":0,"19":0,"20":0,"21":0,"22":0},"f":{"0":0,"1":0,"2":0,"3":0,"4":0,"5":0,"6":0,"7":0,"8":0,"9":0},"b":{}}
,"D:\\react_projects\\the-movie-db-clone\\src\\view\\movie-details\\Crew.js": {"path":"D:\\react_projects\\the-movie-db-clone\\src\\view\\movie-details\\Crew.js","statementMap":{"0":{"start":{"line":12,"column":25},"end":{"line":12,"column":62}},"1":{"start":{"line":12,"column":48},"end":{"line":12,"column":61}},"2":{"start":{"line":13,"column":21},"end":{"line":13,"column":34}},"3":{"start":{"line":15,"column":4},"end":{"line":167,"column":5}},"4":{"start":{"line":49,"column":28},"end":{"line":49,"column":41}},"5":{"start":{"line":73,"column":36},"end":{"line":76,"column":60}},"6":{"start":{"line":87,"column":71},"end":{"line":87,"column":100}},"7":{"start":{"line":88,"column":40},"end":{"line":91,"column":64}},"8":{"start":{"line":98,"column":71},"end":{"line":98,"column":98}},"9":{"start":{"line":99,"column":40},"end":{"line":102,"column":64}},"10":{"start":{"line":109,"column":71},"end":{"line":109,"column":103}},"11":{"start":{"line":110,"column":40},"end":{"line":113,"column":64}},"12":{"start":{"line":120,"column":71},"end":{"line":120,"column":99}},"13":{"start":{"line":121,"column":40},"end":{"line":124,"column":64}},"14":{"start":{"line":131,"column":71},"end":{"line":131,"column":102}},"15":{"start":{"line":132,"column":40},"end":{"line":135,"column":64}},"16":{"start":{"line":142,"column":71},"end":{"line":142,"column":100}},"17":{"start":{"line":143,"column":40},"end":{"line":146,"column":64}},"18":{"start":{"line":153,"column":71},"end":{"line":153,"column":97}},"19":{"start":{"line":154,"column":40},"end":{"line":157,"column":64}},"20":{"start":{"line":171,"column":4},"end":{"line":182,"column":5}}},"fnMap":{"0":{"name":"Crew","decl":{"start":{"line":10,"column":9},"end":{"line":10,"column":13}},"loc":{"start":{"line":10,"column":22},"end":{"line":168,"column":1}},"line":10},"1":{"name":"(anonymous_1)","decl":{"start":{"line":12,"column":37},"end":{"line":12,"column":38}},"loc":{"start":{"line":12,"column":48},"end":{"line":12,"column":61}},"line":12},"2":{"name":"(anonymous_2)","decl":{"start":{"line":48,"column":66},"end":{"line":48,"column":67}},"loc":{"start":{"line":48,"column":72},"end":{"line":50,"column":25}},"line":48},"3":{"name":"(anonymous_3)","decl":{"start":{"line":72,"column":54},"end":{"line":72,"column":55}},"loc":{"start":{"line":73,"column":36},"end":{"line":76,"column":60}},"line":73},"4":{"name":"(anonymous_4)","decl":{"start":{"line":87,"column":61},"end":{"line":87,"column":62}},"loc":{"start":{"line":87,"column":71},"end":{"line":87,"column":100}},"line":87},"5":{"name":"(anonymous_5)","decl":{"start":{"line":87,"column":106},"end":{"line":87,"column":107}},"loc":{"start":{"line":88,"column":40},"end":{"line":91,"column":64}},"line":88},"6":{"name":"(anonymous_6)","decl":{"start":{"line":98,"column":61},"end":{"line":98,"column":62}},"loc":{"start":{"line":98,"column":71},"end":{"line":98,"column":98}},"line":98},"7":{"name":"(anonymous_7)","decl":{"start":{"line":98,"column":104},"end":{"line":98,"column":105}},"loc":{"start":{"line":99,"column":40},"end":{"line":102,"column":64}},"line":99},"8":{"name":"(anonymous_8)","decl":{"start":{"line":109,"column":61},"end":{"line":109,"column":62}},"loc":{"start":{"line":109,"column":71},"end":{"line":109,"column":103}},"line":109},"9":{"name":"(anonymous_9)","decl":{"start":{"line":109,"column":109},"end":{"line":109,"column":110}},"loc":{"start":{"line":110,"column":40},"end":{"line":113,"column":64}},"line":110},"10":{"name":"(anonymous_10)","decl":{"start":{"line":120,"column":61},"end":{"line":120,"column":62}},"loc":{"start":{"line":120,"column":71},"end":{"line":120,"column":99}},"line":120},"11":{"name":"(anonymous_11)","decl":{"start":{"line":120,"column":105},"end":{"line":120,"column":106}},"loc":{"start":{"line":121,"column":40},"end":{"line":124,"column":64}},"line":121},"12":{"name":"(anonymous_12)","decl":{"start":{"line":131,"column":61},"end":{"line":131,"column":62}},"loc":{"start":{"line":131,"column":71},"end":{"line":131,"column":102}},"line":131},"13":{"name":"(anonymous_13)","decl":{"start":{"line":131,"column":108},"end":{"line":131,"column":109}},"loc":{"start":{"line":132,"column":40},"end":{"line":135,"column":64}},"line":132},"14":{"name":"(anonymous_14)","decl":{"start":{"line":142,"column":61},"end":{"line":142,"column":62}},"loc":{"start":{"line":142,"column":71},"end":{"line":142,"column":100}},"line":142},"15":{"name":"(anonymous_15)","decl":{"start":{"line":142,"column":106},"end":{"line":142,"column":107}},"loc":{"start":{"line":143,"column":40},"end":{"line":146,"column":64}},"line":143},"16":{"name":"(anonymous_16)","decl":{"start":{"line":153,"column":61},"end":{"line":153,"column":62}},"loc":{"start":{"line":153,"column":71},"end":{"line":153,"column":97}},"line":153},"17":{"name":"(anonymous_17)","decl":{"start":{"line":153,"column":103},"end":{"line":153,"column":104}},"loc":{"start":{"line":154,"column":40},"end":{"line":157,"column":64}},"line":154},"18":{"name":"CrewInfo","decl":{"start":{"line":170,"column":9},"end":{"line":170,"column":17}},"loc":{"start":{"line":170,"column":25},"end":{"line":183,"column":1}},"line":170}},"branchMap":{"0":{"loc":{"start":{"line":42,"column":32},"end":{"line":42,"column":172}},"type":"cond-expr","locations":[{"start":{"line":42,"column":74},"end":{"line":42,"column":154}},{"start":{"line":42,"column":157},"end":{"line":42,"column":172}}],"line":42},"1":{"loc":{"start":{"line":175,"column":24},"end":{"line":175,"column":142}},"type":"cond-expr","locations":[{"start":{"line":175,"column":55},"end":{"line":175,"column":124}},{"start":{"line":175,"column":127},"end":{"line":175,"column":142}}],"line":175}},"s":{"0":0,"1":0,"2":0,"3":0,"4":0,"5":0,"6":0,"7":0,"8":0,"9":0,"10":0,"11":0,"12":0,"13":0,"14":0,"15":0,"16":0,"17":0,"18":0,"19":0,"20":0},"f":{"0":0,"1":0,"2":0,"3":0,"4":0,"5":0,"6":0,"7":0,"8":0,"9":0,"10":0,"11":0,"12":0,"13":0,"14":0,"15":0,"16":0,"17":0,"18":0},"b":{"0":[0,0],"1":[0,0]}}
,"D:\\react_projects\\the-movie-db-clone\\src\\view\\movie-details\\MovieDetails.js": {"path":"D:\\react_projects\\the-movie-db-clone\\src\\view\\movie-details\\MovieDetails.js","statementMap":{"0":{"start":{"line":10,"column":19},"end":{"line":10,"column":32}},"1":{"start":{"line":12,"column":23},"end":{"line":12,"column":34}},"2":{"start":{"line":14,"column":28},"end":{"line":14,"column":43}},"3":{"start":{"line":16,"column":23},"end":{"line":16,"column":42}},"4":{"start":{"line":16,"column":29},"end":{"line":16,"column":42}},"5":{"start":{"line":17,"column":25},"end":{"line":17,"column":62}},"6":{"start":{"line":17,"column":48},"end":{"line":17,"column":61}},"7":{"start":{"line":19,"column":24},"end":{"line":19,"column":44}},"8":{"start":{"line":19,"column":30},"end":{"line":19,"column":44}},"9":{"start":{"line":21,"column":21},"end":{"line":21,"column":34}},"10":{"start":{"line":22,"column":4},"end":{"line":29,"column":11}},"11":{"start":{"line":24,"column":8},"end":{"line":24,"column":60}},"12":{"start":{"line":25,"column":8},"end":{"line":25,"column":46}},"13":{"start":{"line":26,"column":8},"end":{"line":26,"column":42}},"14":{"start":{"line":27,"column":8},"end":{"line":27,"column":38}},"15":{"start":{"line":32,"column":4},"end":{"line":148,"column":5}},"16":{"start":{"line":40,"column":28},"end":{"line":40,"column":41}},"17":{"start":{"line":67,"column":72},"end":{"line":67,"column":107}},"18":{"start":{"line":74,"column":76},"end":{"line":74,"column":94}}},"fnMap":{"0":{"name":"MovieDetails","decl":{"start":{"line":9,"column":9},"end":{"line":9,"column":21}},"loc":{"start":{"line":9,"column":30},"end":{"line":149,"column":1}},"line":9},"1":{"name":"(anonymous_1)","decl":{"start":{"line":16,"column":23},"end":{"line":16,"column":24}},"loc":{"start":{"line":16,"column":29},"end":{"line":16,"column":42}},"line":16},"2":{"name":"(anonymous_2)","decl":{"start":{"line":17,"column":37},"end":{"line":17,"column":38}},"loc":{"start":{"line":17,"column":48},"end":{"line":17,"column":61}},"line":17},"3":{"name":"(anonymous_3)","decl":{"start":{"line":19,"column":24},"end":{"line":19,"column":25}},"loc":{"start":{"line":19,"column":30},"end":{"line":19,"column":44}},"line":19},"4":{"name":"(anonymous_4)","decl":{"start":{"line":22,"column":14},"end":{"line":22,"column":15}},"loc":{"start":{"line":22,"column":20},"end":{"line":29,"column":5}},"line":22},"5":{"name":"(anonymous_5)","decl":{"start":{"line":39,"column":82},"end":{"line":39,"column":83}},"loc":{"start":{"line":39,"column":88},"end":{"line":41,"column":25}},"line":39},"6":{"name":"(anonymous_6)","decl":{"start":{"line":65,"column":102},"end":{"line":65,"column":103}},"loc":{"start":{"line":67,"column":72},"end":{"line":67,"column":107}},"line":67},"7":{"name":"(anonymous_7)","decl":{"start":{"line":73,"column":100},"end":{"line":73,"column":101}},"loc":{"start":{"line":73,"column":104},"end":{"line":76,"column":65}},"line":73}},"branchMap":{"0":{"loc":{"start":{"line":36,"column":16},"end":{"line":120,"column":40}},"type":"cond-expr","locations":[{"start":{"line":37,"column":20},"end":{"line":120,"column":26}},{"start":{"line":120,"column":29},"end":{"line":120,"column":40}}],"line":36},"1":{"loc":{"start":{"line":44,"column":28},"end":{"line":112,"column":52}},"type":"cond-expr","locations":[{"start":{"line":48,"column":32},"end":{"line":112,"column":38}},{"start":{"line":112,"column":41},"end":{"line":112,"column":52}}],"line":44},"2":{"loc":{"start":{"line":126,"column":16},"end":{"line":143,"column":38}},"type":"cond-expr","locations":[{"start":{"line":126,"column":77},"end":{"line":143,"column":24}},{"start":{"line":143,"column":27},"end":{"line":143,"column":38}}],"line":126},"3":{"loc":{"start":{"line":126,"column":17},"end":{"line":126,"column":72}},"type":"binary-expr","locations":[{"start":{"line":126,"column":17},"end":{"line":126,"column":37}},{"start":{"line":126,"column":41},"end":{"line":126,"column":72}}],"line":126}},"s":{"0":0,"1":0,"2":0,"3":0,"4":0,"5":0,"6":0,"7":0,"8":0,"9":0,"10":0,"11":0,"12":0,"13":0,"14":0,"15":0,"16":0,"17":0,"18":0},"f":{"0":0,"1":0,"2":0,"3":0,"4":0,"5":0,"6":0,"7":0},"b":{"0":[0,0],"1":[0,0],"2":[0,0],"3":[0,0]}}
,"D:\\react_projects\\the-movie-db-clone\\src\\view\\search\\Search.js": {"path":"D:\\react_projects\\the-movie-db-clone\\src\\view\\search\\Search.js","statementMap":{"0":{"start":{"line":13,"column":30},"end":{"line":13,"column":40}},"1":{"start":{"line":14,"column":44},"end":{"line":14,"column":61}},"2":{"start":{"line":15,"column":24},"end":{"line":15,"column":60}},"3":{"start":{"line":15,"column":47},"end":{"line":15,"column":59}},"4":{"start":{"line":16,"column":32},"end":{"line":16,"column":49}},"5":{"start":{"line":17,"column":19},"end":{"line":17,"column":32}},"6":{"start":{"line":18,"column":15},"end":{"line":18,"column":40}},"7":{"start":{"line":20,"column":21},"end":{"line":20,"column":34}},"8":{"start":{"line":21,"column":4},"end":{"line":24,"column":36}},"9":{"start":{"line":22,"column":8},"end":{"line":22,"column":23}},"10":{"start":{"line":23,"column":8},"end":{"line":23,"column":45}},"11":{"start":{"line":26,"column":26},"end":{"line":30,"column":5}},"12":{"start":{"line":27,"column":8},"end":{"line":29,"column":9}},"13":{"start":{"line":28,"column":12},"end":{"line":28,"column":47}},"14":{"start":{"line":32,"column":26},"end":{"line":34,"column":5}},"15":{"start":{"line":33,"column":8},"end":{"line":33,"column":27}},"16":{"start":{"line":35,"column":23},"end":{"line":37,"column":5}},"17":{"start":{"line":36,"column":8},"end":{"line":36,"column":24}},"18":{"start":{"line":39,"column":29},"end":{"line":41,"column":5}},"19":{"start":{"line":40,"column":8},"end":{"line":40,"column":61}},"20":{"start":{"line":43,"column":4},"end":{"line":97,"column":5}},"21":{"start":{"line":50,"column":24},"end":{"line":50,"column":49}},"22":{"start":{"line":85,"column":123},"end":{"line":85,"column":167}},"23":{"start":{"line":87,"column":117},"end":{"line":87,"column":161}},"24":{"start":{"line":101,"column":4},"end":{"line":119,"column":5}}},"fnMap":{"0":{"name":"Search","decl":{"start":{"line":11,"column":9},"end":{"line":11,"column":15}},"loc":{"start":{"line":11,"column":23},"end":{"line":98,"column":1}},"line":11},"1":{"name":"(anonymous_1)","decl":{"start":{"line":15,"column":36},"end":{"line":15,"column":37}},"loc":{"start":{"line":15,"column":47},"end":{"line":15,"column":59}},"line":15},"2":{"name":"(anonymous_2)","decl":{"start":{"line":21,"column":14},"end":{"line":21,"column":15}},"loc":{"start":{"line":21,"column":20},"end":{"line":24,"column":5}},"line":21},"3":{"name":"(anonymous_3)","decl":{"start":{"line":26,"column":26},"end":{"line":26,"column":27}},"loc":{"start":{"line":26,"column":32},"end":{"line":30,"column":5}},"line":26},"4":{"name":"(anonymous_4)","decl":{"start":{"line":32,"column":26},"end":{"line":32,"column":27}},"loc":{"start":{"line":32,"column":32},"end":{"line":34,"column":5}},"line":32},"5":{"name":"(anonymous_5)","decl":{"start":{"line":35,"column":23},"end":{"line":35,"column":24}},"loc":{"start":{"line":35,"column":29},"end":{"line":37,"column":5}},"line":35},"6":{"name":"(anonymous_6)","decl":{"start":{"line":39,"column":29},"end":{"line":39,"column":30}},"loc":{"start":{"line":39,"column":36},"end":{"line":41,"column":5}},"line":39},"7":{"name":"(anonymous_7)","decl":{"start":{"line":49,"column":119},"end":{"line":49,"column":120}},"loc":{"start":{"line":49,"column":126},"end":{"line":51,"column":21}},"line":49},"8":{"name":"(anonymous_8)","decl":{"start":{"line":85,"column":105},"end":{"line":85,"column":106}},"loc":{"start":{"line":85,"column":123},"end":{"line":85,"column":167}},"line":85},"9":{"name":"(anonymous_9)","decl":{"start":{"line":87,"column":99},"end":{"line":87,"column":100}},"loc":{"start":{"line":87,"column":117},"end":{"line":87,"column":161}},"line":87},"10":{"name":"horizontalMovieCard","decl":{"start":{"line":100,"column":9},"end":{"line":100,"column":28}},"loc":{"start":{"line":100,"column":54},"end":{"line":120,"column":1}},"line":100}},"branchMap":{"0":{"loc":{"start":{"line":27,"column":8},"end":{"line":29,"column":9}},"type":"if","locations":[{"start":{"line":27,"column":8},"end":{"line":29,"column":9}},{"start":{},"end":{}}],"line":27},"1":{"loc":{"start":{"line":27,"column":12},"end":{"line":27,"column":45}},"type":"binary-expr","locations":[{"start":{"line":27,"column":12},"end":{"line":27,"column":25}},{"start":{"line":27,"column":29},"end":{"line":27,"column":45}}],"line":27},"2":{"loc":{"start":{"line":65,"column":72},"end":{"line":65,"column":115}},"type":"cond-expr","locations":[{"start":{"line":65,"column":93},"end":{"line":65,"column":110}},{"start":{"line":65,"column":113},"end":{"line":65,"column":115}}],"line":65},"3":{"loc":{"start":{"line":72,"column":72},"end":{"line":72,"column":112}},"type":"cond-expr","locations":[{"start":{"line":72,"column":90},"end":{"line":72,"column":107}},{"start":{"line":72,"column":110},"end":{"line":72,"column":112}}],"line":72},"4":{"loc":{"start":{"line":85,"column":36},"end":{"line":88,"column":97}},"type":"cond-expr","locations":[{"start":{"line":85,"column":56},"end":{"line":86,"column":92}},{"start":{"line":87,"column":42},"end":{"line":88,"column":97}}],"line":85},"5":{"loc":{"start":{"line":85,"column":56},"end":{"line":86,"column":92}},"type":"cond-expr","locations":[{"start":{"line":85,"column":86},"end":{"line":85,"column":168}},{"start":{"line":86,"column":42},"end":{"line":86,"column":92}}],"line":85},"6":{"loc":{"start":{"line":87,"column":42},"end":{"line":88,"column":97}},"type":"cond-expr","locations":[{"start":{"line":87,"column":76},"end":{"line":87,"column":162}},{"start":{"line":88,"column":46},"end":{"line":88,"column":97}}],"line":87}},"s":{"0":0,"1":0,"2":0,"3":0,"4":0,"5":0,"6":0,"7":0,"8":0,"9":0,"10":0,"11":0,"12":0,"13":0,"14":0,"15":0,"16":0,"17":0,"18":0,"19":0,"20":0,"21":0,"22":0,"23":0,"24":0},"f":{"0":0,"1":0,"2":0,"3":0,"4":0,"5":0,"6":0,"7":0,"8":0,"9":0,"10":0},"b":{"0":[0,0],"1":[0,0],"2":[0,0],"3":[0,0],"4":[0,0],"5":[0,0],"6":[0,0]}}
}
