TN:
SF:src\App.js
FN:27,App
FN:30,(anonymous_1)
FNF:2
FNH:0
FNDA:0,App
FNDA:0,(anonymous_1)
DA:28,0
DA:30,0
DA:31,0
DA:33,0
DA:34,0
DA:35,0
DA:40,0
LF:7
LH:0
BRDA:34,0,0,0
BRDA:34,0,1,0
BRF:2
BRH:0
end_of_record
TN:
SF:src\api\endpoint.js
FN:4,(anonymous_0)
FN:8,(anonymous_1)
FN:18,(anonymous_2)
FN:28,(anonymous_3)
FN:38,(anonymous_4)
FN:43,(anonymous_5)
FN:48,(anonymous_6)
FN:53,(anonymous_7)
FN:58,(anonymous_8)
FN:64,(anonymous_9)
FN:72,(anonymous_10)
FNF:11
FNH:3
FNDA:6,(anonymous_0)
FNDA:4,(anonymous_1)
FNDA:2,(anonymous_2)
FNDA:0,(anonymous_3)
FNDA:0,(anonymous_4)
FNDA:0,(anonymous_5)
FNDA:0,(anonymous_6)
FNDA:0,(anonymous_7)
FNDA:0,(anonymous_8)
FNDA:0,(anonymous_9)
FNDA:0,(anonymous_10)
DA:1,1
DA:4,1
DA:5,6
DA:8,1
DA:9,4
DA:10,4
DA:11,2
DA:12,2
DA:13,2
DA:15,4
DA:18,1
DA:19,2
DA:20,2
DA:21,2
DA:22,0
DA:23,0
DA:25,2
DA:28,1
DA:29,0
DA:30,0
DA:31,0
DA:32,0
DA:33,0
DA:35,0
DA:38,1
DA:39,0
DA:40,0
DA:43,1
DA:44,0
DA:45,0
DA:48,1
DA:49,0
DA:50,0
DA:53,1
DA:54,0
DA:55,0
DA:58,1
DA:59,0
DA:60,0
DA:64,1
DA:65,0
DA:66,0
DA:68,0
DA:72,1
DA:73,0
LF:45
LH:23
BRDA:10,0,0,2
BRDA:10,0,1,2
BRDA:12,1,0,2
BRDA:12,1,1,0
BRDA:20,2,0,2
BRDA:20,2,1,0
BRDA:22,3,0,0
BRDA:22,3,1,0
BRDA:30,4,0,0
BRDA:30,4,1,0
BRDA:32,5,0,0
BRDA:32,5,1,0
BRF:12
BRH:4
end_of_record
TN:
SF:src\component\cast-card\CastCard.js
FN:8,CastCard
FN:12,(anonymous_1)
FNF:2
FNH:0
FNDA:0,CastCard
FNDA:0,(anonymous_1)
DA:12,0
DA:13,0
DA:17,0
LF:3
LH:0
BRDA:23,0,0,0
BRDA:23,0,1,0
BRF:2
BRH:0
end_of_record
TN:
SF:src\component\movie-details-card\MovieDetailsCard.js
FN:16,MovieDetailsCard
FN:100,(anonymous_1)
FN:110,(anonymous_2)
FN:125,(anonymous_3)
FN:135,(anonymous_4)
FN:150,(anonymous_5)
FN:205,(anonymous_6)
FN:245,getGenres
FN:246,(anonymous_8)
FN:250,calcuateRunTime
FNF:10
FNH:0
FNDA:0,MovieDetailsCard
FNDA:0,(anonymous_1)
FNDA:0,(anonymous_2)
FNDA:0,(anonymous_3)
FNDA:0,(anonymous_4)
FNDA:0,(anonymous_5)
FNDA:0,(anonymous_6)
FNDA:0,getGenres
FNDA:0,(anonymous_8)
FNDA:0,calcuateRunTime
DA:19,0
DA:21,0
DA:100,0
DA:101,0
DA:102,0
DA:103,0
DA:104,0
DA:106,0
DA:110,0
DA:113,0
DA:114,0
DA:115,0
DA:116,0
DA:117,0
DA:118,0
DA:121,0
DA:125,0
DA:126,0
DA:135,0
DA:136,0
DA:150,0
DA:151,0
DA:205,0
DA:206,0
DA:246,0
DA:251,0
DA:252,0
DA:253,0
LF:28
LH:0
BRDA:39,0,0,0
BRDA:39,0,1,0
BRDA:41,1,0,0
BRDA:41,1,1,0
BRDA:101,2,0,0
BRDA:101,2,1,0
BRDA:101,3,0,0
BRDA:101,3,1,0
BRDA:103,4,0,0
BRDA:103,4,1,0
BRDA:113,5,0,0
BRDA:113,5,1,0
BRDA:115,6,0,0
BRDA:115,6,1,0
BRDA:117,7,0,0
BRDA:117,7,1,0
BRDA:209,8,0,0
BRDA:209,8,1,0
BRDA:220,9,0,0
BRDA:220,9,1,0
BRDA:221,10,0,0
BRDA:221,10,1,0
BRDA:233,11,0,0
BRDA:233,11,1,0
BRF:24
BRH:0
end_of_record
TN:
SF:src\component\movie_card\MovieCard.js
FN:8,MovieCard
FN:12,(anonymous_1)
FNF:2
FNH:0
FNDA:0,MovieCard
FNDA:0,(anonymous_1)
DA:12,0
DA:13,0
DA:17,0
LF:3
LH:0
BRF:0
BRH:0
end_of_record
TN:
SF:src\component\movie_card\MovieCardListView.js
FN:8,MovieCardListView
FN:12,(anonymous_1)
FNF:2
FNH:0
FNDA:0,MovieCardListView
FNDA:0,(anonymous_1)
DA:12,0
DA:13,0
DA:17,0
LF:3
LH:0
BRDA:36,0,0,0
BRDA:36,0,1,0
BRF:2
BRH:0
end_of_record
TN:
SF:src\component\search-poster\SearchPoster.js
FN:6,SearchPoster
FN:10,(anonymous_1)
FN:14,(anonymous_2)
FNF:3
FNH:0
FNDA:0,SearchPoster
FNDA:0,(anonymous_1)
FNDA:0,(anonymous_2)
DA:7,0
DA:8,0
DA:10,0
DA:11,0
DA:14,0
DA:15,0
DA:16,0
DA:21,0
LF:8
LH:0
BRDA:15,0,0,0
BRDA:15,0,1,0
BRDA:15,1,0,0
BRDA:15,1,1,0
BRF:4
BRH:0
end_of_record
TN:
SF:src\redux\action\details-action.js
FN:18,fetchMediaDetails
FN:20,fetchMediaDetailsFromServer
FN:29,(anonymous_2)
FN:33,(anonymous_3)
FN:55,fetchTrailers
FN:57,fetchTrailersFromServer
FN:60,(anonymous_6)
FN:64,(anonymous_7)
FN:78,fetchCast
FN:80,fetchCastFromServer
FN:83,(anonymous_10)
FNF:11
FNH:0
FNDA:0,fetchMediaDetails
FNDA:0,fetchMediaDetailsFromServer
FNDA:0,(anonymous_2)
FNDA:0,(anonymous_3)
FNDA:0,fetchTrailers
FNDA:0,fetchTrailersFromServer
FNDA:0,(anonymous_6)
FNDA:0,(anonymous_7)
FNDA:0,fetchCast
FNDA:0,fetchCastFromServer
FNDA:0,(anonymous_10)
DA:3,0
DA:9,0
DA:19,0
DA:20,0
DA:21,0
DA:22,0
DA:29,0
DA:30,0
DA:33,0
DA:34,0
DA:37,0
DA:38,0
DA:39,0
DA:42,0
DA:45,0
DA:56,0
DA:57,0
DA:58,0
DA:60,0
DA:61,0
DA:64,0
DA:65,0
DA:69,0
DA:79,0
DA:80,0
DA:81,0
DA:83,0
DA:84,0
DA:88,0
LF:29
LH:0
BRDA:38,0,0,0
BRDA:38,0,1,0
BRDA:65,1,0,0
BRDA:65,1,1,0
BRF:4
BRH:0
end_of_record
TN:
SF:src\redux\reducer\details-reducer.js
FN:3,(anonymous_0)
FNF:1
FNH:0
FNDA:0,(anonymous_0)
DA:3,0
DA:4,0
DA:6,0
DA:11,0
DA:16,0
DA:23,0
LF:6
LH:0
BRDA:3,0,0,0
BRDA:4,1,0,0
BRDA:4,1,1,0
BRDA:4,1,2,0
BRDA:4,1,3,0
BRF:5
BRH:0
end_of_record
TN:
SF:src\services\media-detail-service.js
FN:5,(anonymous_0)
FN:9,(anonymous_1)
FN:13,(anonymous_2)
FN:18,(anonymous_3)
FNF:4
FNH:0
FNDA:0,(anonymous_0)
FNDA:0,(anonymous_1)
FNDA:0,(anonymous_2)
FNDA:0,(anonymous_3)
DA:6,0
DA:10,0
DA:14,0
DA:19,0
LF:4
LH:0
BRF:0
BRH:0
end_of_record
TN:
SF:src\view\dicussion\Dicussion.js
FN:38,Dicussion
FN:43,(anonymous_1)
FN:44,(anonymous_2)
FN:46,(anonymous_3)
FN:50,(anonymous_4)
FN:53,(anonymous_5)
FN:95,(anonymous_6)
FN:100,(anonymous_7)
FNF:8
FNH:0
FNDA:0,Dicussion
FNDA:0,(anonymous_1)
FNDA:0,(anonymous_2)
FNDA:0,(anonymous_3)
FNDA:0,(anonymous_4)
FNDA:0,(anonymous_5)
FNDA:0,(anonymous_6)
FNDA:0,(anonymous_7)
DA:18,0
DA:39,0
DA:41,0
DA:43,0
DA:44,0
DA:45,0
DA:46,0
DA:47,0
DA:50,0
DA:51,0
DA:53,0
DA:54,0
DA:58,0
DA:96,0
DA:101,0
LF:15
LH:0
BRDA:71,0,0,0
BRDA:71,0,1,0
BRDA:79,1,0,0
BRDA:79,1,1,0
BRDA:95,2,0,0
BRDA:95,2,1,0
BRDA:95,3,0,0
BRDA:95,3,1,0
BRF:8
BRH:0
end_of_record
TN:
SF:src\view\dicussion\DicussionCard.js
FN:10,DicussionCard
FN:14,(anonymous_1)
FN:15,(anonymous_2)
FN:18,(anonymous_3)
FN:32,(anonymous_4)
FN:43,(anonymous_5)
FN:54,(anonymous_6)
FN:71,chatView
FN:95,replayView
FNF:9
FNH:0
FNDA:0,DicussionCard
FNDA:0,(anonymous_1)
FNDA:0,(anonymous_2)
FNDA:0,(anonymous_3)
FNDA:0,(anonymous_4)
FNDA:0,(anonymous_5)
FNDA:0,(anonymous_6)
FNDA:0,chatView
FNDA:0,replayView
DA:12,0
DA:14,0
DA:15,0
DA:16,0
DA:18,0
DA:19,0
DA:21,0
DA:27,0
DA:32,0
DA:33,0
DA:38,0
DA:44,0
DA:55,0
DA:72,0
DA:96,0
LF:15
LH:0
BRDA:19,0,0,0
BRDA:19,0,1,0
BRDA:43,1,0,0
BRDA:43,1,1,0
BRDA:51,2,0,0
BRDA:51,2,1,0
BRDA:83,3,0,0
BRDA:83,3,1,0
BRF:8
BRH:0
end_of_record
TN:
SF:src\view\home\Home.js
FN:11,Home
FN:14,(anonymous_1)
FN:15,(anonymous_2)
FN:16,(anonymous_3)
FN:20,(anonymous_4)
FN:26,(anonymous_5)
FN:30,(anonymous_6)
FN:34,(anonymous_7)
FN:38,(anonymous_8)
FN:42,(anonymous_9)
FNF:10
FNH:0
FNDA:0,Home
FNDA:0,(anonymous_1)
FNDA:0,(anonymous_2)
FNDA:0,(anonymous_3)
FNDA:0,(anonymous_4)
FNDA:0,(anonymous_5)
FNDA:0,(anonymous_6)
FNDA:0,(anonymous_7)
FNDA:0,(anonymous_8)
FNDA:0,(anonymous_9)
DA:12,0
DA:14,0
DA:15,0
DA:16,0
DA:18,0
DA:20,0
DA:21,0
DA:22,0
DA:23,0
DA:26,0
DA:27,0
DA:30,0
DA:31,0
DA:34,0
DA:35,0
DA:38,0
DA:39,0
DA:42,0
DA:43,0
DA:47,0
LF:20
LH:0
BRF:0
BRH:0
end_of_record
TN:
SF:src\view\movie-details\Crew.js
FN:10,Crew
FN:12,(anonymous_1)
FN:48,(anonymous_2)
FN:72,(anonymous_3)
FN:87,(anonymous_4)
FN:87,(anonymous_5)
FN:98,(anonymous_6)
FN:98,(anonymous_7)
FN:109,(anonymous_8)
FN:109,(anonymous_9)
FN:120,(anonymous_10)
FN:120,(anonymous_11)
FN:131,(anonymous_12)
FN:131,(anonymous_13)
FN:142,(anonymous_14)
FN:142,(anonymous_15)
FN:153,(anonymous_16)
FN:153,(anonymous_17)
FN:170,CrewInfo
FNF:19
FNH:0
FNDA:0,Crew
FNDA:0,(anonymous_1)
FNDA:0,(anonymous_2)
FNDA:0,(anonymous_3)
FNDA:0,(anonymous_4)
FNDA:0,(anonymous_5)
FNDA:0,(anonymous_6)
FNDA:0,(anonymous_7)
FNDA:0,(anonymous_8)
FNDA:0,(anonymous_9)
FNDA:0,(anonymous_10)
FNDA:0,(anonymous_11)
FNDA:0,(anonymous_12)
FNDA:0,(anonymous_13)
FNDA:0,(anonymous_14)
FNDA:0,(anonymous_15)
FNDA:0,(anonymous_16)
FNDA:0,(anonymous_17)
FNDA:0,CrewInfo
DA:12,0
DA:13,0
DA:15,0
DA:49,0
DA:73,0
DA:87,0
DA:88,0
DA:98,0
DA:99,0
DA:109,0
DA:110,0
DA:120,0
DA:121,0
DA:131,0
DA:132,0
DA:142,0
DA:143,0
DA:153,0
DA:154,0
DA:171,0
LF:20
LH:0
BRDA:42,0,0,0
BRDA:42,0,1,0
BRDA:175,1,0,0
BRDA:175,1,1,0
BRF:4
BRH:0
end_of_record
TN:
SF:src\view\movie-details\MovieDetails.js
FN:9,MovieDetails
FN:16,(anonymous_1)
FN:17,(anonymous_2)
FN:19,(anonymous_3)
FN:22,(anonymous_4)
FN:39,(anonymous_5)
FN:65,(anonymous_6)
FN:73,(anonymous_7)
FNF:8
FNH:0
FNDA:0,MovieDetails
FNDA:0,(anonymous_1)
FNDA:0,(anonymous_2)
FNDA:0,(anonymous_3)
FNDA:0,(anonymous_4)
FNDA:0,(anonymous_5)
FNDA:0,(anonymous_6)
FNDA:0,(anonymous_7)
DA:10,0
DA:12,0
DA:14,0
DA:16,0
DA:17,0
DA:19,0
DA:21,0
DA:22,0
DA:24,0
DA:25,0
DA:26,0
DA:27,0
DA:32,0
DA:40,0
DA:67,0
DA:74,0
LF:16
LH:0
BRDA:36,0,0,0
BRDA:36,0,1,0
BRDA:44,1,0,0
BRDA:44,1,1,0
BRDA:126,2,0,0
BRDA:126,2,1,0
BRDA:126,3,0,0
BRDA:126,3,1,0
BRF:8
BRH:0
end_of_record
TN:
SF:src\view\search\Search.js
FN:11,Search
FN:15,(anonymous_1)
FN:21,(anonymous_2)
FN:26,(anonymous_3)
FN:32,(anonymous_4)
FN:35,(anonymous_5)
FN:39,(anonymous_6)
FN:49,(anonymous_7)
FN:85,(anonymous_8)
FN:87,(anonymous_9)
FN:100,horizontalMovieCard
FNF:11
FNH:0
FNDA:0,Search
FNDA:0,(anonymous_1)
FNDA:0,(anonymous_2)
FNDA:0,(anonymous_3)
FNDA:0,(anonymous_4)
FNDA:0,(anonymous_5)
FNDA:0,(anonymous_6)
FNDA:0,(anonymous_7)
FNDA:0,(anonymous_8)
FNDA:0,(anonymous_9)
FNDA:0,horizontalMovieCard
DA:13,0
DA:14,0
DA:15,0
DA:16,0
DA:17,0
DA:18,0
DA:20,0
DA:21,0
DA:22,0
DA:23,0
DA:26,0
DA:27,0
DA:28,0
DA:32,0
DA:33,0
DA:35,0
DA:36,0
DA:39,0
DA:40,0
DA:43,0
DA:50,0
DA:85,0
DA:87,0
DA:101,0
LF:24
LH:0
BRDA:27,0,0,0
BRDA:27,0,1,0
BRDA:27,1,0,0
BRDA:27,1,1,0
BRDA:65,2,0,0
BRDA:65,2,1,0
BRDA:72,3,0,0
BRDA:72,3,1,0
BRDA:85,4,0,0
BRDA:85,4,1,0
BRDA:85,5,0,0
BRDA:85,5,1,0
BRDA:87,6,0,0
BRDA:87,6,1,0
BRF:14
BRH:0
end_of_record
